# JRE version: OpenJDK Runtime Environment Temurin-21.0.8+9 (21.0.8+9) (build 21.0.8+9-LTS)
# Java VM: OpenJDK 64-Bit Server VM Temurin-21.0.8+9 (21.0.8+9-LTS, mixed mode, sharing, tiered, compressed oops, compressed class ptrs, parallel gc, windows-amd64)
GC Precious Log:
 CardTable entry size: 512
 CPUs: 16 total, 16 available
 Memory: 16053M
 Large Page Support: Disabled
 NUMA Support: Disabled
 Compressed Oops: Enabled (32-bit)
 Alignments: Space 512K, Generation 512K, Heap 2M
 Heap Min Capacity: 100M
 Heap Initial Capacity: 100M
 Heap Max Capacity: 2G
 Pre-touch: Disabled
 Parallel Workers: 13
Heap:
 PSYoungGen      total 4608K, used 2038K [0x00000000d5580000, 0x00000000d5e00000, 0x0000000100000000)
  eden space 4096K, 40% used [0x00000000d5580000,0x00000000d571db38,0x00000000d5980000)
  from space 512K, 75% used [0x00000000d5d80000,0x00000000d5de0000,0x00000000d5e00000)
  to   space 512K, 0% used [0x00000000d5d00000,0x00000000d5d00000,0x00000000d5d80000)
 ParOldGen       total 291840K, used 208650K [0x0000000080000000, 0x0000000091d00000, 0x00000000d5580000)
  object space 291840K, 71% used [0x0000000080000000,0x000000008cbc28e8,0x0000000091d00000)
 Metaspace       used 73411K, committed 75008K, reserved 1179648K
  class space    used 7430K, committed 8128K, reserved 1048576K
GC Heap History (20 events):
Event: 51.135 GC heap before
{Heap before GC invocations=630 (full 4):
 PSYoungGen      total 5120K, used 4628K [0x00000000d5580000, 0x00000000d5b80000, 0x0000000100000000)
  eden space 4096K, 98% used [0x00000000d5580000,0x00000000d5971188,0x00000000d5980000)
  from space 1024K, 57% used [0x00000000d5980000,0x00000000d5a14010,0x00000000d5a80000)
  to   space 1024K, 0% used [0x00000000d5a80000,0x00000000d5a80000,0x00000000d5b80000)
 ParOldGen       total 291840K, used 203503K [0x0000000080000000, 0x0000000091d00000, 0x00000000d5580000)
  object space 291840K, 69% used [0x0000000080000000,0x000000008c6bbdf8,0x0000000091d00000)
 Metaspace       used 72933K, committed 74624K, reserved 1179648K
  class space    used 7379K, committed 8128K, reserved 1048576K
}
Event: 51.136 GC heap after
{Heap after GC invocations=630 (full 4):
 PSYoungGen      total 4608K, used 384K [0x00000000d5580000, 0x00000000d5b00000, 0x0000000100000000)
  eden space 4096K, 0% used [0x00000000d5580000,0x00000000d5580000,0x00000000d5980000)
  from space 512K, 75% used [0x00000000d5a80000,0x00000000d5ae0000,0x00000000d5b00000)
  to   space 512K, 0% used [0x00000000d5a00000,0x00000000d5a00000,0x00000000d5a80000)
 ParOldGen       total 291840K, used 203847K [0x0000000080000000, 0x0000000091d00000, 0x00000000d5580000)
  object space 291840K, 69% used [0x0000000080000000,0x000000008c711e08,0x0000000091d00000)
 Metaspace       used 72933K, committed 74624K, reserved 1179648K
  class space    used 7379K, committed 8128K, reserved 1048576K
}
Event: 51.333 GC heap before
{Heap before GC invocations=631 (full 4):
 PSYoungGen      total 4608K, used 4480K [0x00000000d5580000, 0x00000000d5b00000, 0x0000000100000000)
  eden space 4096K, 100% used [0x00000000d5580000,0x00000000d5980000,0x00000000d5980000)
  from space 512K, 75% used [0x00000000d5a80000,0x00000000d5ae0000,0x00000000d5b00000)
  to   space 512K, 0% used [0x00000000d5a00000,0x00000000d5a00000,0x00000000d5a80000)
 ParOldGen       total 291840K, used 203847K [0x0000000080000000, 0x0000000091d00000, 0x00000000d5580000)
  object space 291840K, 69% used [0x0000000080000000,0x000000008c711e08,0x0000000091d00000)
 Metaspace       used 73039K, committed 74688K, reserved 1179648K
  class space    used 7392K, committed 8128K, reserved 1048576K
}
Event: 51.334 GC heap after
{Heap after GC invocations=631 (full 4):
 PSYoungGen      total 4608K, used 416K [0x00000000d5580000, 0x00000000d5b00000, 0x0000000100000000)
  eden space 4096K, 0% used [0x00000000d5580000,0x00000000d5580000,0x00000000d5980000)
  from space 512K, 81% used [0x00000000d5a00000,0x00000000d5a68000,0x00000000d5a80000)
  to   space 512K, 0% used [0x00000000d5a80000,0x00000000d5a80000,0x00000000d5b00000)
 ParOldGen       total 291840K, used 204055K [0x0000000080000000, 0x0000000091d00000, 0x00000000d5580000)
  object space 291840K, 69% used [0x0000000080000000,0x000000008c745e08,0x0000000091d00000)
 Metaspace       used 73039K, committed 74688K, reserved 1179648K
  class space    used 7392K, committed 8128K, reserved 1048576K
}
Event: 51.449 GC heap before
{Heap before GC invocations=632 (full 4):
 PSYoungGen      total 4608K, used 4512K [0x00000000d5580000, 0x00000000d5b00000, 0x0000000100000000)
  eden space 4096K, 100% used [0x00000000d5580000,0x00000000d5980000,0x00000000d5980000)
  from space 512K, 81% used [0x00000000d5a00000,0x00000000d5a68000,0x00000000d5a80000)
  to   space 512K, 0% used [0x00000000d5a80000,0x00000000d5a80000,0x00000000d5b00000)
 ParOldGen       total 291840K, used 204055K [0x0000000080000000, 0x0000000091d00000, 0x00000000d5580000)
  object space 291840K, 69% used [0x0000000080000000,0x000000008c745e08,0x0000000091d00000)
 Metaspace       used 73121K, committed 74752K, reserved 1179648K
  class space    used 7404K, committed 8128K, reserved 1048576K
}
Event: 51.451 GC heap after
{Heap after GC invocations=632 (full 4):
 PSYoungGen      total 4608K, used 416K [0x00000000d5580000, 0x00000000d5b00000, 0x0000000100000000)
  eden space 4096K, 0% used [0x00000000d5580000,0x00000000d5580000,0x00000000d5980000)
  from space 512K, 81% used [0x00000000d5a80000,0x00000000d5ae8000,0x00000000d5b00000)
  to   space 512K, 0% used [0x00000000d5a00000,0x00000000d5a00000,0x00000000d5a80000)
 ParOldGen       total 291840K, used 204231K [0x0000000080000000, 0x0000000091d00000, 0x00000000d5580000)
  object space 291840K, 69% used [0x0000000080000000,0x000000008c771e08,0x0000000091d00000)
 Metaspace       used 73121K, committed 74752K, reserved 1179648K
  class space    used 7404K, committed 8128K, reserved 1048576K
}
Event: 51.677 GC heap before
{Heap before GC invocations=633 (full 4):
 PSYoungGen      total 4608K, used 4511K [0x00000000d5580000, 0x00000000d5b00000, 0x0000000100000000)
  eden space 4096K, 99% used [0x00000000d5580000,0x00000000d597fff0,0x00000000d5980000)
  from space 512K, 81% used [0x00000000d5a80000,0x00000000d5ae8000,0x00000000d5b00000)
  to   space 512K, 0% used [0x00000000d5a00000,0x00000000d5a00000,0x00000000d5a80000)
 ParOldGen       total 291840K, used 204231K [0x0000000080000000, 0x0000000091d00000, 0x00000000d5580000)
  object space 291840K, 69% used [0x0000000080000000,0x000000008c771e08,0x0000000091d00000)
 Metaspace       used 73131K, committed 74752K, reserved 1179648K
  class space    used 7404K, committed 8128K, reserved 1048576K
}
Event: 51.679 GC heap after
{Heap after GC invocations=633 (full 4):
 PSYoungGen      total 4608K, used 400K [0x00000000d5580000, 0x00000000d5b00000, 0x0000000100000000)
  eden space 4096K, 0% used [0x00000000d5580000,0x00000000d5580000,0x00000000d5980000)
  from space 512K, 78% used [0x00000000d5a00000,0x00000000d5a64010,0x00000000d5a80000)
  to   space 512K, 0% used [0x00000000d5a80000,0x00000000d5a80000,0x00000000d5b00000)
 ParOldGen       total 291840K, used 204327K [0x0000000080000000, 0x0000000091d00000, 0x00000000d5580000)
  object space 291840K, 70% used [0x0000000080000000,0x000000008c789e28,0x0000000091d00000)
 Metaspace       used 73131K, committed 74752K, reserved 1179648K
  class space    used 7404K, committed 8128K, reserved 1048576K
}
Event: 51.842 GC heap before
{Heap before GC invocations=634 (full 4):
 PSYoungGen      total 4608K, used 4409K [0x00000000d5580000, 0x00000000d5b00000, 0x0000000100000000)
  eden space 4096K, 97% used [0x00000000d5580000,0x00000000d596a460,0x00000000d5980000)
  from space 512K, 78% used [0x00000000d5a00000,0x00000000d5a64010,0x00000000d5a80000)
  to   space 512K, 0% used [0x00000000d5a80000,0x00000000d5a80000,0x00000000d5b00000)
 ParOldGen       total 291840K, used 204327K [0x0000000080000000, 0x0000000091d00000, 0x00000000d5580000)
  object space 291840K, 70% used [0x0000000080000000,0x000000008c789e28,0x0000000091d00000)
 Metaspace       used 73135K, committed 74752K, reserved 1179648K
  class space    used 7404K, committed 8128K, reserved 1048576K
}
Event: 51.843 GC heap after
{Heap after GC invocations=634 (full 4):
 PSYoungGen      total 4608K, used 503K [0x00000000d5580000, 0x00000000d5b80000, 0x0000000100000000)
  eden space 4096K, 0% used [0x00000000d5580000,0x00000000d5580000,0x00000000d5980000)
  from space 512K, 98% used [0x00000000d5a80000,0x00000000d5afdda0,0x00000000d5b00000)
  to   space 1024K, 0% used [0x00000000d5980000,0x00000000d5980000,0x00000000d5a80000)
 ParOldGen       total 291840K, used 204471K [0x0000000080000000, 0x0000000091d00000, 0x00000000d5580000)
  object space 291840K, 70% used [0x0000000080000000,0x000000008c7ade48,0x0000000091d00000)
 Metaspace       used 73135K, committed 74752K, reserved 1179648K
  class space    used 7404K, committed 8128K, reserved 1048576K
}
Event: 51.862 GC heap before
{Heap before GC invocations=635 (full 4):
 PSYoungGen      total 4608K, used 4599K [0x00000000d5580000, 0x00000000d5b80000, 0x0000000100000000)
  eden space 4096K, 100% used [0x00000000d5580000,0x00000000d5980000,0x00000000d5980000)
  from space 512K, 98% used [0x00000000d5a80000,0x00000000d5afdda0,0x00000000d5b00000)
  to   space 1024K, 0% used [0x00000000d5980000,0x00000000d5980000,0x00000000d5a80000)
 ParOldGen       total 291840K, used 204471K [0x0000000080000000, 0x0000000091d00000, 0x00000000d5580000)
  object space 291840K, 70% used [0x0000000080000000,0x000000008c7ade48,0x0000000091d00000)
 Metaspace       used 73135K, committed 74752K, reserved 1179648K
  class space    used 7404K, committed 8128K, reserved 1048576K
}
Event: 51.864 GC heap after
{Heap after GC invocations=635 (full 4):
 PSYoungGen      total 5120K, used 995K [0x00000000d5580000, 0x00000000d6280000, 0x0000000100000000)
  eden space 4096K, 0% used [0x00000000d5580000,0x00000000d5580000,0x00000000d5980000)
  from space 1024K, 97% used [0x00000000d5980000,0x00000000d5a78d80,0x00000000d5a80000)
  to   space 4608K, 0% used [0x00000000d5e00000,0x00000000d5e00000,0x00000000d6280000)
 ParOldGen       total 291840K, used 207474K [0x0000000080000000, 0x0000000091d00000, 0x00000000d5580000)
  object space 291840K, 71% used [0x0000000080000000,0x000000008ca9c8a8,0x0000000091d00000)
 Metaspace       used 73135K, committed 74752K, reserved 1179648K
  class space    used 7404K, committed 8128K, reserved 1048576K
}
Event: 51.982 GC heap before
{Heap before GC invocations=636 (full 4):
 PSYoungGen      total 5120K, used 5091K [0x00000000d5580000, 0x00000000d6280000, 0x0000000100000000)
  eden space 4096K, 100% used [0x00000000d5580000,0x00000000d5980000,0x00000000d5980000)
  from space 1024K, 97% used [0x00000000d5980000,0x00000000d5a78d80,0x00000000d5a80000)
  to   space 4608K, 0% used [0x00000000d5e00000,0x00000000d5e00000,0x00000000d6280000)
 ParOldGen       total 291840K, used 207474K [0x0000000080000000, 0x0000000091d00000, 0x00000000d5580000)
  object space 291840K, 71% used [0x0000000080000000,0x000000008ca9c8a8,0x0000000091d00000)
 Metaspace       used 73201K, committed 74816K, reserved 1179648K
  class space    used 7404K, committed 8128K, reserved 1048576K
}
Event: 51.983 GC heap after
{Heap after GC invocations=636 (full 4):
 PSYoungGen      total 5120K, used 672K [0x00000000d5580000, 0x00000000d5f00000, 0x0000000100000000)
  eden space 4096K, 0% used [0x00000000d5580000,0x00000000d5580000,0x00000000d5980000)
  from space 1024K, 65% used [0x00000000d5e00000,0x00000000d5ea8000,0x00000000d5f00000)
  to   space 2048K, 0% used [0x00000000d5b00000,0x00000000d5b00000,0x00000000d5d00000)
 ParOldGen       total 291840K, used 207594K [0x0000000080000000, 0x0000000091d00000, 0x00000000d5580000)
  object space 291840K, 71% used [0x0000000080000000,0x000000008caba8a8,0x0000000091d00000)
 Metaspace       used 73201K, committed 74816K, reserved 1179648K
  class space    used 7404K, committed 8128K, reserved 1048576K
}
Event: 52.005 GC heap before
{Heap before GC invocations=637 (full 4):
 PSYoungGen      total 5120K, used 4768K [0x00000000d5580000, 0x00000000d5f00000, 0x0000000100000000)
  eden space 4096K, 100% used [0x00000000d5580000,0x00000000d5980000,0x00000000d5980000)
  from space 1024K, 65% used [0x00000000d5e00000,0x00000000d5ea8000,0x00000000d5f00000)
  to   space 2048K, 0% used [0x00000000d5b00000,0x00000000d5b00000,0x00000000d5d00000)
 ParOldGen       total 291840K, used 207594K [0x0000000080000000, 0x0000000091d00000, 0x00000000d5580000)
  object space 291840K, 71% used [0x0000000080000000,0x000000008caba8a8,0x0000000091d00000)
 Metaspace       used 73202K, committed 74816K, reserved 1179648K
  class space    used 7404K, committed 8128K, reserved 1048576K
}
Event: 52.007 GC heap after
{Heap after GC invocations=637 (full 4):
 PSYoungGen      total 6144K, used 512K [0x00000000d5580000, 0x00000000d5e80000, 0x0000000100000000)
  eden space 4096K, 0% used [0x00000000d5580000,0x00000000d5580000,0x00000000d5980000)
  from space 2048K, 25% used [0x00000000d5b00000,0x00000000d5b80020,0x00000000d5d00000)
  to   space 1024K, 0% used [0x00000000d5d80000,0x00000000d5d80000,0x00000000d5e80000)
 ParOldGen       total 291840K, used 208122K [0x0000000080000000, 0x0000000091d00000, 0x00000000d5580000)
  object space 291840K, 71% used [0x0000000080000000,0x000000008cb3e8e8,0x0000000091d00000)
 Metaspace       used 73202K, committed 74816K, reserved 1179648K
  class space    used 7404K, committed 8128K, reserved 1048576K
}
Event: 52.020 GC heap before
{Heap before GC invocations=638 (full 4):
 PSYoungGen      total 6144K, used 4592K [0x00000000d5580000, 0x00000000d5e80000, 0x0000000100000000)
  eden space 4096K, 99% used [0x00000000d5580000,0x00000000d597c368,0x00000000d5980000)
  from space 2048K, 25% used [0x00000000d5b00000,0x00000000d5b80020,0x00000000d5d00000)
  to   space 1024K, 0% used [0x00000000d5d80000,0x00000000d5d80000,0x00000000d5e80000)
 ParOldGen       total 291840K, used 208122K [0x0000000080000000, 0x0000000091d00000, 0x00000000d5580000)
  object space 291840K, 71% used [0x0000000080000000,0x000000008cb3e8e8,0x0000000091d00000)
 Metaspace       used 73202K, committed 74816K, reserved 1179648K
  class space    used 7404K, committed 8128K, reserved 1048576K
}
Event: 52.021 GC heap after
{Heap after GC invocations=638 (full 4):
 PSYoungGen      total 4608K, used 496K [0x00000000d5580000, 0x00000000d5e00000, 0x0000000100000000)
  eden space 4096K, 0% used [0x00000000d5580000,0x00000000d5580000,0x00000000d5980000)
  from space 512K, 96% used [0x00000000d5d80000,0x00000000d5dfc010,0x00000000d5e00000)
  to   space 1024K, 0% used [0x00000000d5c00000,0x00000000d5c00000,0x00000000d5d00000)
 ParOldGen       total 291840K, used 208290K [0x0000000080000000, 0x0000000091d00000, 0x00000000d5580000)
  object space 291840K, 71% used [0x0000000080000000,0x000000008cb688e8,0x0000000091d00000)
 Metaspace       used 73202K, committed 74816K, reserved 1179648K
  class space    used 7404K, committed 8128K, reserved 1048576K
}
Event: 52.058 GC heap before
{Heap before GC invocations=639 (full 4):
 PSYoungGen      total 4608K, used 4592K [0x00000000d5580000, 0x00000000d5e00000, 0x0000000100000000)
  eden space 4096K, 100% used [0x00000000d5580000,0x00000000d5980000,0x00000000d5980000)
  from space 512K, 96% used [0x00000000d5d80000,0x00000000d5dfc010,0x00000000d5e00000)
  to   space 1024K, 0% used [0x00000000d5c00000,0x00000000d5c00000,0x00000000d5d00000)
 ParOldGen       total 291840K, used 208290K [0x0000000080000000, 0x0000000091d00000, 0x00000000d5580000)
  object space 291840K, 71% used [0x0000000080000000,0x000000008cb688e8,0x0000000091d00000)
 Metaspace       used 73205K, committed 74816K, reserved 1179648K
  class space    used 7404K, committed 8128K, reserved 1048576K
}
Event: 52.059 GC heap after
{Heap after GC invocations=639 (full 4):
 PSYoungGen      total 5120K, used 384K [0x00000000d5580000, 0x00000000d5e00000, 0x0000000100000000)
  eden space 4096K, 0% used [0x00000000d5580000,0x00000000d5580000,0x00000000d5980000)
  from space 1024K, 37% used [0x00000000d5c00000,0x00000000d5c60000,0x00000000d5d00000)
  to   space 512K, 0% used [0x00000000d5d80000,0x00000000d5d80000,0x00000000d5e00000)
 ParOldGen       total 291840K, used 208490K [0x0000000080000000, 0x0000000091d00000, 0x00000000d5580000)
  object space 291840K, 71% used [0x0000000080000000,0x000000008cb9a8e8,0x0000000091d00000)
 Metaspace       used 73205K, committed 74816K, reserved 1179648K
  class space    used 7404K, committed 8128K, reserved 1048576K
}

