# JRE version: OpenJDK Runtime Environment Temurin-21.0.8+9 (21.0.8+9) (build 21.0.8+9-LTS)
# Java VM: OpenJDK 64-Bit Server VM Temurin-21.0.8+9 (21.0.8+9-LTS, mixed mode, sharing, tiered, compressed oops, compressed class ptrs, parallel gc, windows-amd64)
GC Precious Log:
 CardTable entry size: 512
 CPUs: 16 total, 16 available
 Memory: 16053M
 Large Page Support: Disabled
 NUMA Support: Disabled
 Compressed Oops: Enabled (32-bit)
 Alignments: Space 512K, Generation 512K, Heap 2M
 Heap Min Capacity: 100M
 Heap Initial Capacity: 100M
 Heap Max Capacity: 2G
 Pre-touch: Disabled
 Parallel Workers: 13
Heap:
 PSYoungGen      total 1536K, used 767K [0x00000000d5580000, 0x00000000d5880000, 0x0000000100000000)
  eden space 1024K, 37% used [0x00000000d5580000,0x00000000d55dffe0,0x00000000d5680000)
  from space 512K, 75% used [0x00000000d5780000,0x00000000d57e0000,0x00000000d5800000)
  to   space 512K, 0% used [0x00000000d5800000,0x00000000d5800000,0x00000000d5880000)
 ParOldGen       total 337408K, used 306507K [0x0000000080000000, 0x0000000094980000, 0x00000000d5580000)
  object space 337408K, 90% used [0x0000000080000000,0x0000000092b52db8,0x0000000094980000)
 Metaspace       used 74918K, committed 76480K, reserved 1179648K
  class space    used 7508K, committed 8192K, reserved 1048576K
GC Heap History (20 events):
Event: 38.470 GC heap before
{Heap before GC invocations=1080 (full 4):
 PSYoungGen      total 1536K, used 1472K [0x00000000d5580000, 0x00000000d5880000, 0x0000000100000000)
  eden space 1024K, 100% used [0x00000000d5580000,0x00000000d5680000,0x00000000d5680000)
  from space 512K, 87% used [0x00000000d5780000,0x00000000d57f0000,0x00000000d5800000)
  to   space 512K, 0% used [0x00000000d5800000,0x00000000d5800000,0x00000000d5880000)
 ParOldGen       total 337408K, used 305545K [0x0000000080000000, 0x0000000094980000, 0x00000000d5580000)
  object space 337408K, 90% used [0x0000000080000000,0x0000000092a625b8,0x0000000094980000)
 Metaspace       used 74769K, committed 76288K, reserved 1179648K
  class space    used 7498K, committed 8128K, reserved 1048576K
}
Event: 38.470 GC heap after
{Heap after GC invocations=1080 (full 4):
 PSYoungGen      total 1536K, used 352K [0x00000000d5580000, 0x00000000d5880000, 0x0000000100000000)
  eden space 1024K, 0% used [0x00000000d5580000,0x00000000d5580000,0x00000000d5680000)
  from space 512K, 68% used [0x00000000d5800000,0x00000000d5858000,0x00000000d5880000)
  to   space 512K, 0% used [0x00000000d5780000,0x00000000d5780000,0x00000000d5800000)
 ParOldGen       total 337408K, used 305641K [0x0000000080000000, 0x0000000094980000, 0x00000000d5580000)
  object space 337408K, 90% used [0x0000000080000000,0x0000000092a7a5b8,0x0000000094980000)
 Metaspace       used 74769K, committed 76288K, reserved 1179648K
  class space    used 7498K, committed 8128K, reserved 1048576K
}
Event: 38.481 GC heap before
{Heap before GC invocations=1081 (full 4):
 PSYoungGen      total 1536K, used 1376K [0x00000000d5580000, 0x00000000d5880000, 0x0000000100000000)
  eden space 1024K, 100% used [0x00000000d5580000,0x00000000d5680000,0x00000000d5680000)
  from space 512K, 68% used [0x00000000d5800000,0x00000000d5858000,0x00000000d5880000)
  to   space 512K, 0% used [0x00000000d5780000,0x00000000d5780000,0x00000000d5800000)
 ParOldGen       total 337408K, used 305641K [0x0000000080000000, 0x0000000094980000, 0x00000000d5580000)
  object space 337408K, 90% used [0x0000000080000000,0x0000000092a7a5b8,0x0000000094980000)
 Metaspace       used 74846K, committed 76416K, reserved 1179648K
  class space    used 7507K, committed 8192K, reserved 1048576K
}
Event: 38.482 GC heap after
{Heap after GC invocations=1081 (full 4):
 PSYoungGen      total 1536K, used 432K [0x00000000d5580000, 0x00000000d5880000, 0x0000000100000000)
  eden space 1024K, 0% used [0x00000000d5580000,0x00000000d5580000,0x00000000d5680000)
  from space 512K, 84% used [0x00000000d5780000,0x00000000d57ec010,0x00000000d5800000)
  to   space 512K, 0% used [0x00000000d5800000,0x00000000d5800000,0x00000000d5880000)
 ParOldGen       total 337408K, used 305797K [0x0000000080000000, 0x0000000094980000, 0x00000000d5580000)
  object space 337408K, 90% used [0x0000000080000000,0x0000000092aa15c8,0x0000000094980000)
 Metaspace       used 74846K, committed 76416K, reserved 1179648K
  class space    used 7507K, committed 8192K, reserved 1048576K
}
Event: 38.510 GC heap before
{Heap before GC invocations=1082 (full 4):
 PSYoungGen      total 1536K, used 1456K [0x00000000d5580000, 0x00000000d5880000, 0x0000000100000000)
  eden space 1024K, 100% used [0x00000000d5580000,0x00000000d5680000,0x00000000d5680000)
  from space 512K, 84% used [0x00000000d5780000,0x00000000d57ec010,0x00000000d5800000)
  to   space 512K, 0% used [0x00000000d5800000,0x00000000d5800000,0x00000000d5880000)
 ParOldGen       total 337408K, used 305797K [0x0000000080000000, 0x0000000094980000, 0x00000000d5580000)
  object space 337408K, 90% used [0x0000000080000000,0x0000000092aa15c8,0x0000000094980000)
 Metaspace       used 74879K, committed 76416K, reserved 1179648K
  class space    used 7508K, committed 8192K, reserved 1048576K
}
Event: 38.511 GC heap after
{Heap after GC invocations=1082 (full 4):
 PSYoungGen      total 1536K, used 352K [0x00000000d5580000, 0x00000000d5880000, 0x0000000100000000)
  eden space 1024K, 0% used [0x00000000d5580000,0x00000000d5580000,0x00000000d5680000)
  from space 512K, 68% used [0x00000000d5800000,0x00000000d5858000,0x00000000d5880000)
  to   space 512K, 0% used [0x00000000d5780000,0x00000000d5780000,0x00000000d5800000)
 ParOldGen       total 337408K, used 305905K [0x0000000080000000, 0x0000000094980000, 0x00000000d5580000)
  object space 337408K, 90% used [0x0000000080000000,0x0000000092abc5d8,0x0000000094980000)
 Metaspace       used 74879K, committed 76416K, reserved 1179648K
  class space    used 7508K, committed 8192K, reserved 1048576K
}
Event: 38.560 GC heap before
{Heap before GC invocations=1083 (full 4):
 PSYoungGen      total 1536K, used 1375K [0x00000000d5580000, 0x00000000d5880000, 0x0000000100000000)
  eden space 1024K, 99% used [0x00000000d5580000,0x00000000d567ffe0,0x00000000d5680000)
  from space 512K, 68% used [0x00000000d5800000,0x00000000d5858000,0x00000000d5880000)
  to   space 512K, 0% used [0x00000000d5780000,0x00000000d5780000,0x00000000d5800000)
 ParOldGen       total 337408K, used 305905K [0x0000000080000000, 0x0000000094980000, 0x00000000d5580000)
  object space 337408K, 90% used [0x0000000080000000,0x0000000092abc5d8,0x0000000094980000)
 Metaspace       used 74879K, committed 76416K, reserved 1179648K
  class space    used 7508K, committed 8192K, reserved 1048576K
}
Event: 38.561 GC heap after
{Heap after GC invocations=1083 (full 4):
 PSYoungGen      total 1536K, used 384K [0x00000000d5580000, 0x00000000d5880000, 0x0000000100000000)
  eden space 1024K, 0% used [0x00000000d5580000,0x00000000d5580000,0x00000000d5680000)
  from space 512K, 75% used [0x00000000d5780000,0x00000000d57e0000,0x00000000d5800000)
  to   space 512K, 0% used [0x00000000d5800000,0x00000000d5800000,0x00000000d5880000)
 ParOldGen       total 337408K, used 305945K [0x0000000080000000, 0x0000000094980000, 0x00000000d5580000)
  object space 337408K, 90% used [0x0000000080000000,0x0000000092ac65d8,0x0000000094980000)
 Metaspace       used 74879K, committed 76416K, reserved 1179648K
  class space    used 7508K, committed 8192K, reserved 1048576K
}
Event: 38.577 GC heap before
{Heap before GC invocations=1084 (full 4):
 PSYoungGen      total 1536K, used 1408K [0x00000000d5580000, 0x00000000d5880000, 0x0000000100000000)
  eden space 1024K, 100% used [0x00000000d5580000,0x00000000d5680000,0x00000000d5680000)
  from space 512K, 75% used [0x00000000d5780000,0x00000000d57e0000,0x00000000d5800000)
  to   space 512K, 0% used [0x00000000d5800000,0x00000000d5800000,0x00000000d5880000)
 ParOldGen       total 337408K, used 305945K [0x0000000080000000, 0x0000000094980000, 0x00000000d5580000)
  object space 337408K, 90% used [0x0000000080000000,0x0000000092ac65d8,0x0000000094980000)
 Metaspace       used 74879K, committed 76416K, reserved 1179648K
  class space    used 7508K, committed 8192K, reserved 1048576K
}
Event: 38.578 GC heap after
{Heap after GC invocations=1084 (full 4):
 PSYoungGen      total 1536K, used 352K [0x00000000d5580000, 0x00000000d5880000, 0x0000000100000000)
  eden space 1024K, 0% used [0x00000000d5580000,0x00000000d5580000,0x00000000d5680000)
  from space 512K, 68% used [0x00000000d5800000,0x00000000d5858000,0x00000000d5880000)
  to   space 512K, 0% used [0x00000000d5780000,0x00000000d5780000,0x00000000d5800000)
 ParOldGen       total 337408K, used 306033K [0x0000000080000000, 0x0000000094980000, 0x00000000d5580000)
  object space 337408K, 90% used [0x0000000080000000,0x0000000092adc5d8,0x0000000094980000)
 Metaspace       used 74879K, committed 76416K, reserved 1179648K
  class space    used 7508K, committed 8192K, reserved 1048576K
}
Event: 38.598 GC heap before
{Heap before GC invocations=1085 (full 4):
 PSYoungGen      total 1536K, used 1375K [0x00000000d5580000, 0x00000000d5880000, 0x0000000100000000)
  eden space 1024K, 99% used [0x00000000d5580000,0x00000000d567ffe8,0x00000000d5680000)
  from space 512K, 68% used [0x00000000d5800000,0x00000000d5858000,0x00000000d5880000)
  to   space 512K, 0% used [0x00000000d5780000,0x00000000d5780000,0x00000000d5800000)
 ParOldGen       total 337408K, used 306033K [0x0000000080000000, 0x0000000094980000, 0x00000000d5580000)
  object space 337408K, 90% used [0x0000000080000000,0x0000000092adc5d8,0x0000000094980000)
 Metaspace       used 74882K, committed 76416K, reserved 1179648K
  class space    used 7508K, committed 8192K, reserved 1048576K
}
Event: 38.599 GC heap after
{Heap after GC invocations=1085 (full 4):
 PSYoungGen      total 1536K, used 416K [0x00000000d5580000, 0x00000000d5880000, 0x0000000100000000)
  eden space 1024K, 0% used [0x00000000d5580000,0x00000000d5580000,0x00000000d5680000)
  from space 512K, 81% used [0x00000000d5780000,0x00000000d57e8000,0x00000000d5800000)
  to   space 512K, 0% used [0x00000000d5800000,0x00000000d5800000,0x00000000d5880000)
 ParOldGen       total 337408K, used 306089K [0x0000000080000000, 0x0000000094980000, 0x00000000d5580000)
  object space 337408K, 90% used [0x0000000080000000,0x0000000092aea5d8,0x0000000094980000)
 Metaspace       used 74882K, committed 76416K, reserved 1179648K
  class space    used 7508K, committed 8192K, reserved 1048576K
}
Event: 38.616 GC heap before
{Heap before GC invocations=1086 (full 4):
 PSYoungGen      total 1536K, used 1439K [0x00000000d5580000, 0x00000000d5880000, 0x0000000100000000)
  eden space 1024K, 99% used [0x00000000d5580000,0x00000000d567fff0,0x00000000d5680000)
  from space 512K, 81% used [0x00000000d5780000,0x00000000d57e8000,0x00000000d5800000)
  to   space 512K, 0% used [0x00000000d5800000,0x00000000d5800000,0x00000000d5880000)
 ParOldGen       total 337408K, used 306089K [0x0000000080000000, 0x0000000094980000, 0x00000000d5580000)
  object space 337408K, 90% used [0x0000000080000000,0x0000000092aea5d8,0x0000000094980000)
 Metaspace       used 74905K, committed 76480K, reserved 1179648K
  class space    used 7508K, committed 8192K, reserved 1048576K
}
Event: 38.617 GC heap after
{Heap after GC invocations=1086 (full 4):
 PSYoungGen      total 1536K, used 416K [0x00000000d5580000, 0x00000000d5880000, 0x0000000100000000)
  eden space 1024K, 0% used [0x00000000d5580000,0x00000000d5580000,0x00000000d5680000)
  from space 512K, 81% used [0x00000000d5800000,0x00000000d5868000,0x00000000d5880000)
  to   space 512K, 0% used [0x00000000d5780000,0x00000000d5780000,0x00000000d5800000)
 ParOldGen       total 337408K, used 306193K [0x0000000080000000, 0x0000000094980000, 0x00000000d5580000)
  object space 337408K, 90% used [0x0000000080000000,0x0000000092b045d8,0x0000000094980000)
 Metaspace       used 74905K, committed 76480K, reserved 1179648K
  class space    used 7508K, committed 8192K, reserved 1048576K
}
Event: 38.641 GC heap before
{Heap before GC invocations=1087 (full 4):
 PSYoungGen      total 1536K, used 1440K [0x00000000d5580000, 0x00000000d5880000, 0x0000000100000000)
  eden space 1024K, 100% used [0x00000000d5580000,0x00000000d5680000,0x00000000d5680000)
  from space 512K, 81% used [0x00000000d5800000,0x00000000d5868000,0x00000000d5880000)
  to   space 512K, 0% used [0x00000000d5780000,0x00000000d5780000,0x00000000d5800000)
 ParOldGen       total 337408K, used 306193K [0x0000000080000000, 0x0000000094980000, 0x00000000d5580000)
  object space 337408K, 90% used [0x0000000080000000,0x0000000092b045d8,0x0000000094980000)
 Metaspace       used 74911K, committed 76480K, reserved 1179648K
  class space    used 7508K, committed 8192K, reserved 1048576K
}
Event: 38.642 GC heap after
{Heap after GC invocations=1087 (full 4):
 PSYoungGen      total 1536K, used 384K [0x00000000d5580000, 0x00000000d5880000, 0x0000000100000000)
  eden space 1024K, 0% used [0x00000000d5580000,0x00000000d5580000,0x00000000d5680000)
  from space 512K, 75% used [0x00000000d5780000,0x00000000d57e0000,0x00000000d5800000)
  to   space 512K, 0% used [0x00000000d5800000,0x00000000d5800000,0x00000000d5880000)
 ParOldGen       total 337408K, used 306291K [0x0000000080000000, 0x0000000094980000, 0x00000000d5580000)
  object space 337408K, 90% used [0x0000000080000000,0x0000000092b1cdb8,0x0000000094980000)
 Metaspace       used 74911K, committed 76480K, reserved 1179648K
  class space    used 7508K, committed 8192K, reserved 1048576K
}
Event: 38.685 GC heap before
{Heap before GC invocations=1088 (full 4):
 PSYoungGen      total 1536K, used 1407K [0x00000000d5580000, 0x00000000d5880000, 0x0000000100000000)
  eden space 1024K, 99% used [0x00000000d5580000,0x00000000d567ffe8,0x00000000d5680000)
  from space 512K, 75% used [0x00000000d5780000,0x00000000d57e0000,0x00000000d5800000)
  to   space 512K, 0% used [0x00000000d5800000,0x00000000d5800000,0x00000000d5880000)
 ParOldGen       total 337408K, used 306291K [0x0000000080000000, 0x0000000094980000, 0x00000000d5580000)
  object space 337408K, 90% used [0x0000000080000000,0x0000000092b1cdb8,0x0000000094980000)
 Metaspace       used 74912K, committed 76480K, reserved 1179648K
  class space    used 7508K, committed 8192K, reserved 1048576K
}
Event: 38.685 GC heap after
{Heap after GC invocations=1088 (full 4):
 PSYoungGen      total 1536K, used 384K [0x00000000d5580000, 0x00000000d5880000, 0x0000000100000000)
  eden space 1024K, 0% used [0x00000000d5580000,0x00000000d5580000,0x00000000d5680000)
  from space 512K, 75% used [0x00000000d5800000,0x00000000d5860000,0x00000000d5880000)
  to   space 512K, 0% used [0x00000000d5780000,0x00000000d5780000,0x00000000d5800000)
 ParOldGen       total 337408K, used 306395K [0x0000000080000000, 0x0000000094980000, 0x00000000d5580000)
  object space 337408K, 90% used [0x0000000080000000,0x0000000092b36db8,0x0000000094980000)
 Metaspace       used 74912K, committed 76480K, reserved 1179648K
  class space    used 7508K, committed 8192K, reserved 1048576K
}
Event: 38.699 GC heap before
{Heap before GC invocations=1089 (full 4):
 PSYoungGen      total 1536K, used 1407K [0x00000000d5580000, 0x00000000d5880000, 0x0000000100000000)
  eden space 1024K, 99% used [0x00000000d5580000,0x00000000d567ff10,0x00000000d5680000)
  from space 512K, 75% used [0x00000000d5800000,0x00000000d5860000,0x00000000d5880000)
  to   space 512K, 0% used [0x00000000d5780000,0x00000000d5780000,0x00000000d5800000)
 ParOldGen       total 337408K, used 306395K [0x0000000080000000, 0x0000000094980000, 0x00000000d5580000)
  object space 337408K, 90% used [0x0000000080000000,0x0000000092b36db8,0x0000000094980000)
 Metaspace       used 74913K, committed 76480K, reserved 1179648K
  class space    used 7508K, committed 8192K, reserved 1048576K
}
Event: 38.699 GC heap after
{Heap after GC invocations=1089 (full 4):
 PSYoungGen      total 1536K, used 384K [0x00000000d5580000, 0x00000000d5880000, 0x0000000100000000)
  eden space 1024K, 0% used [0x00000000d5580000,0x00000000d5580000,0x00000000d5680000)
  from space 512K, 75% used [0x00000000d5780000,0x00000000d57e0000,0x00000000d5800000)
  to   space 512K, 0% used [0x00000000d5800000,0x00000000d5800000,0x00000000d5880000)
 ParOldGen       total 337408K, used 306507K [0x0000000080000000, 0x0000000094980000, 0x00000000d5580000)
  object space 337408K, 90% used [0x0000000080000000,0x0000000092b52db8,0x0000000094980000)
 Metaspace       used 74913K, committed 76480K, reserved 1179648K
  class space    used 7508K, committed 8192K, reserved 1048576K
}

