# JRE version: OpenJDK Runtime Environment Temurin-21.0.8+9 (21.0.8+9) (build 21.0.8+9-LTS)
# Java VM: OpenJDK 64-Bit Server VM Temurin-21.0.8+9 (21.0.8+9-LTS, mixed mode, sharing, tiered, compressed oops, compressed class ptrs, parallel gc, windows-amd64)
GC Precious Log:
 CardTable entry size: 512
 CPUs: 16 total, 16 available
 Memory: 16053M
 Large Page Support: Disabled
 NUMA Support: Disabled
 Compressed Oops: Enabled (32-bit)
 Alignments: Space 512K, Generation 512K, Heap 2M
 Heap Min Capacity: 100M
 Heap Initial Capacity: 100M
 Heap Max Capacity: 2G
 Pre-touch: Disabled
 Parallel Workers: 13
Heap:
 PSYoungGen      total 6656K, used 1980K [0x00000000d5580000, 0x00000000d5d00000, 0x0000000100000000)
  eden space 5632K, 24% used [0x00000000d5580000,0x00000000d56d81f8,0x00000000d5b00000)
  from space 1024K, 58% used [0x00000000d5b00000,0x00000000d5b97030,0x00000000d5c00000)
  to   space 1024K, 0% used [0x00000000d5c00000,0x00000000d5c00000,0x00000000d5d00000)
 ParOldGen       total 275968K, used 144933K [0x0000000080000000, 0x0000000090d80000, 0x00000000d5580000)
  object space 275968K, 52% used [0x0000000080000000,0x0000000088d89678,0x0000000090d80000)
 Metaspace       used 76397K, committed 78144K, reserved 1179648K
  class space    used 7721K, committed 8512K, reserved 1048576K
GC Heap History (20 events):
Event: 145.251 GC heap before
{Heap before GC invocations=494 (full 4):
 PSYoungGen      total 6656K, used 5920K [0x00000000d5580000, 0x00000000d5c80000, 0x0000000100000000)
  eden space 5632K, 100% used [0x00000000d5580000,0x00000000d5b00000,0x00000000d5b00000)
  from space 1024K, 28% used [0x00000000d5b00000,0x00000000d5b48000,0x00000000d5c00000)
  to   space 512K, 0% used [0x00000000d5c00000,0x00000000d5c00000,0x00000000d5c80000)
 ParOldGen       total 275968K, used 141345K [0x0000000080000000, 0x0000000090d80000, 0x00000000d5580000)
  object space 275968K, 51% used [0x0000000080000000,0x0000000088a085e0,0x0000000090d80000)
 Metaspace       used 76029K, committed 77824K, reserved 1179648K
  class space    used 7692K, committed 8448K, reserved 1048576K
}
Event: 145.252 GC heap after
{Heap after GC invocations=494 (full 4):
 PSYoungGen      total 6144K, used 499K [0x00000000d5580000, 0x00000000d5d00000, 0x0000000100000000)
  eden space 5632K, 0% used [0x00000000d5580000,0x00000000d5580000,0x00000000d5b00000)
  from space 512K, 97% used [0x00000000d5c00000,0x00000000d5c7ce60,0x00000000d5c80000)
  to   space 1024K, 0% used [0x00000000d5b00000,0x00000000d5b00000,0x00000000d5c00000)
 ParOldGen       total 275968K, used 141505K [0x0000000080000000, 0x0000000090d80000, 0x00000000d5580000)
  object space 275968K, 51% used [0x0000000080000000,0x0000000088a305e0,0x0000000090d80000)
 Metaspace       used 76029K, committed 77824K, reserved 1179648K
  class space    used 7692K, committed 8448K, reserved 1048576K
}
Event: 145.258 GC heap before
{Heap before GC invocations=495 (full 4):
 PSYoungGen      total 6144K, used 6131K [0x00000000d5580000, 0x00000000d5d00000, 0x0000000100000000)
  eden space 5632K, 100% used [0x00000000d5580000,0x00000000d5b00000,0x00000000d5b00000)
  from space 512K, 97% used [0x00000000d5c00000,0x00000000d5c7ce60,0x00000000d5c80000)
  to   space 1024K, 0% used [0x00000000d5b00000,0x00000000d5b00000,0x00000000d5c00000)
 ParOldGen       total 275968K, used 141505K [0x0000000080000000, 0x0000000090d80000, 0x00000000d5580000)
  object space 275968K, 51% used [0x0000000080000000,0x0000000088a305e0,0x0000000090d80000)
 Metaspace       used 76029K, committed 77824K, reserved 1179648K
  class space    used 7692K, committed 8448K, reserved 1048576K
}
Event: 145.259 GC heap after
{Heap after GC invocations=495 (full 4):
 PSYoungGen      total 6656K, used 523K [0x00000000d5580000, 0x00000000d5d00000, 0x0000000100000000)
  eden space 5632K, 0% used [0x00000000d5580000,0x00000000d5580000,0x00000000d5b00000)
  from space 1024K, 51% used [0x00000000d5b00000,0x00000000d5b82c98,0x00000000d5c00000)
  to   space 1024K, 0% used [0x00000000d5c00000,0x00000000d5c00000,0x00000000d5d00000)
 ParOldGen       total 275968K, used 141744K [0x0000000080000000, 0x0000000090d80000, 0x00000000d5580000)
  object space 275968K, 51% used [0x0000000080000000,0x0000000088a6c1a0,0x0000000090d80000)
 Metaspace       used 76029K, committed 77824K, reserved 1179648K
  class space    used 7692K, committed 8448K, reserved 1048576K
}
Event: 145.264 GC heap before
{Heap before GC invocations=496 (full 4):
 PSYoungGen      total 6656K, used 6155K [0x00000000d5580000, 0x00000000d5d00000, 0x0000000100000000)
  eden space 5632K, 100% used [0x00000000d5580000,0x00000000d5b00000,0x00000000d5b00000)
  from space 1024K, 51% used [0x00000000d5b00000,0x00000000d5b82c98,0x00000000d5c00000)
  to   space 1024K, 0% used [0x00000000d5c00000,0x00000000d5c00000,0x00000000d5d00000)
 ParOldGen       total 275968K, used 141744K [0x0000000080000000, 0x0000000090d80000, 0x00000000d5580000)
  object space 275968K, 51% used [0x0000000080000000,0x0000000088a6c1a0,0x0000000090d80000)
 Metaspace       used 76029K, committed 77824K, reserved 1179648K
  class space    used 7692K, committed 8448K, reserved 1048576K
}
Event: 145.264 GC heap after
{Heap after GC invocations=496 (full 4):
 PSYoungGen      total 6656K, used 662K [0x00000000d5580000, 0x00000000d5d00000, 0x0000000100000000)
  eden space 5632K, 0% used [0x00000000d5580000,0x00000000d5580000,0x00000000d5b00000)
  from space 1024K, 64% used [0x00000000d5c00000,0x00000000d5ca5a68,0x00000000d5d00000)
  to   space 1024K, 0% used [0x00000000d5b00000,0x00000000d5b00000,0x00000000d5c00000)
 ParOldGen       total 275968K, used 141946K [0x0000000080000000, 0x0000000090d80000, 0x00000000d5580000)
  object space 275968K, 51% used [0x0000000080000000,0x0000000088a9e870,0x0000000090d80000)
 Metaspace       used 76029K, committed 77824K, reserved 1179648K
  class space    used 7692K, committed 8448K, reserved 1048576K
}
Event: 145.268 GC heap before
{Heap before GC invocations=497 (full 4):
 PSYoungGen      total 6656K, used 6294K [0x00000000d5580000, 0x00000000d5d00000, 0x0000000100000000)
  eden space 5632K, 100% used [0x00000000d5580000,0x00000000d5b00000,0x00000000d5b00000)
  from space 1024K, 64% used [0x00000000d5c00000,0x00000000d5ca5a68,0x00000000d5d00000)
  to   space 1024K, 0% used [0x00000000d5b00000,0x00000000d5b00000,0x00000000d5c00000)
 ParOldGen       total 275968K, used 141946K [0x0000000080000000, 0x0000000090d80000, 0x00000000d5580000)
  object space 275968K, 51% used [0x0000000080000000,0x0000000088a9e870,0x0000000090d80000)
 Metaspace       used 76029K, committed 77824K, reserved 1179648K
  class space    used 7692K, committed 8448K, reserved 1048576K
}
Event: 145.270 GC heap after
{Heap after GC invocations=497 (full 4):
 PSYoungGen      total 6656K, used 320K [0x00000000d5580000, 0x00000000d5c80000, 0x0000000100000000)
  eden space 5632K, 0% used [0x00000000d5580000,0x00000000d5580000,0x00000000d5b00000)
  from space 1024K, 31% used [0x00000000d5b00000,0x00000000d5b50000,0x00000000d5c00000)
  to   space 512K, 0% used [0x00000000d5c00000,0x00000000d5c00000,0x00000000d5c80000)
 ParOldGen       total 275968K, used 142407K [0x0000000080000000, 0x0000000090d80000, 0x00000000d5580000)
  object space 275968K, 51% used [0x0000000080000000,0x0000000088b11d30,0x0000000090d80000)
 Metaspace       used 76029K, committed 77824K, reserved 1179648K
  class space    used 7692K, committed 8448K, reserved 1048576K
}
Event: 145.275 GC heap before
{Heap before GC invocations=498 (full 4):
 PSYoungGen      total 6656K, used 5952K [0x00000000d5580000, 0x00000000d5c80000, 0x0000000100000000)
  eden space 5632K, 100% used [0x00000000d5580000,0x00000000d5b00000,0x00000000d5b00000)
  from space 1024K, 31% used [0x00000000d5b00000,0x00000000d5b50000,0x00000000d5c00000)
  to   space 512K, 0% used [0x00000000d5c00000,0x00000000d5c00000,0x00000000d5c80000)
 ParOldGen       total 275968K, used 142407K [0x0000000080000000, 0x0000000090d80000, 0x00000000d5580000)
  object space 275968K, 51% used [0x0000000080000000,0x0000000088b11d30,0x0000000090d80000)
 Metaspace       used 76029K, committed 77824K, reserved 1179648K
  class space    used 7692K, committed 8448K, reserved 1048576K
}
Event: 145.276 GC heap after
{Heap after GC invocations=498 (full 4):
 PSYoungGen      total 6144K, used 480K [0x00000000d5580000, 0x00000000d5c80000, 0x0000000100000000)
  eden space 5632K, 0% used [0x00000000d5580000,0x00000000d5580000,0x00000000d5b00000)
  from space 512K, 93% used [0x00000000d5c00000,0x00000000d5c78000,0x00000000d5c80000)
  to   space 512K, 0% used [0x00000000d5b80000,0x00000000d5b80000,0x00000000d5c00000)
 ParOldGen       total 275968K, used 142551K [0x0000000080000000, 0x0000000090d80000, 0x00000000d5580000)
  object space 275968K, 51% used [0x0000000080000000,0x0000000088b35d30,0x0000000090d80000)
 Metaspace       used 76029K, committed 77824K, reserved 1179648K
  class space    used 7692K, committed 8448K, reserved 1048576K
}
Event: 145.295 GC heap before
{Heap before GC invocations=499 (full 4):
 PSYoungGen      total 6144K, used 6112K [0x00000000d5580000, 0x00000000d5c80000, 0x0000000100000000)
  eden space 5632K, 100% used [0x00000000d5580000,0x00000000d5b00000,0x00000000d5b00000)
  from space 512K, 93% used [0x00000000d5c00000,0x00000000d5c78000,0x00000000d5c80000)
  to   space 512K, 0% used [0x00000000d5b80000,0x00000000d5b80000,0x00000000d5c00000)
 ParOldGen       total 275968K, used 142551K [0x0000000080000000, 0x0000000090d80000, 0x00000000d5580000)
  object space 275968K, 51% used [0x0000000080000000,0x0000000088b35d30,0x0000000090d80000)
 Metaspace       used 76072K, committed 77824K, reserved 1179648K
  class space    used 7692K, committed 8448K, reserved 1048576K
}
Event: 145.297 GC heap after
{Heap after GC invocations=499 (full 4):
 PSYoungGen      total 6144K, used 498K [0x00000000d5580000, 0x00000000d5d00000, 0x0000000100000000)
  eden space 5632K, 0% used [0x00000000d5580000,0x00000000d5580000,0x00000000d5b00000)
  from space 512K, 97% used [0x00000000d5b80000,0x00000000d5bfc820,0x00000000d5c00000)
  to   space 1024K, 0% used [0x00000000d5c00000,0x00000000d5c00000,0x00000000d5d00000)
 ParOldGen       total 275968K, used 142836K [0x0000000080000000, 0x0000000090d80000, 0x00000000d5580000)
  object space 275968K, 51% used [0x0000000080000000,0x0000000088b7d370,0x0000000090d80000)
 Metaspace       used 76072K, committed 77824K, reserved 1179648K
  class space    used 7692K, committed 8448K, reserved 1048576K
}
Event: 145.311 GC heap before
{Heap before GC invocations=500 (full 4):
 PSYoungGen      total 6144K, used 6130K [0x00000000d5580000, 0x00000000d5d00000, 0x0000000100000000)
  eden space 5632K, 100% used [0x00000000d5580000,0x00000000d5b00000,0x00000000d5b00000)
  from space 512K, 97% used [0x00000000d5b80000,0x00000000d5bfc820,0x00000000d5c00000)
  to   space 1024K, 0% used [0x00000000d5c00000,0x00000000d5c00000,0x00000000d5d00000)
 ParOldGen       total 275968K, used 142836K [0x0000000080000000, 0x0000000090d80000, 0x00000000d5580000)
  object space 275968K, 51% used [0x0000000080000000,0x0000000088b7d370,0x0000000090d80000)
 Metaspace       used 76088K, committed 77824K, reserved 1179648K
  class space    used 7692K, committed 8448K, reserved 1048576K
}
Event: 145.312 GC heap after
{Heap after GC invocations=500 (full 4):
 PSYoungGen      total 6656K, used 784K [0x00000000d5580000, 0x00000000d5d00000, 0x0000000100000000)
  eden space 5632K, 0% used [0x00000000d5580000,0x00000000d5580000,0x00000000d5b00000)
  from space 1024K, 76% used [0x00000000d5c00000,0x00000000d5cc4010,0x00000000d5d00000)
  to   space 1024K, 0% used [0x00000000d5b00000,0x00000000d5b00000,0x00000000d5c00000)
 ParOldGen       total 275968K, used 143176K [0x0000000080000000, 0x0000000090d80000, 0x00000000d5580000)
  object space 275968K, 51% used [0x0000000080000000,0x0000000088bd2388,0x0000000090d80000)
 Metaspace       used 76088K, committed 77824K, reserved 1179648K
  class space    used 7692K, committed 8448K, reserved 1048576K
}
Event: 145.327 GC heap before
{Heap before GC invocations=501 (full 4):
 PSYoungGen      total 6656K, used 6416K [0x00000000d5580000, 0x00000000d5d00000, 0x0000000100000000)
  eden space 5632K, 100% used [0x00000000d5580000,0x00000000d5b00000,0x00000000d5b00000)
  from space 1024K, 76% used [0x00000000d5c00000,0x00000000d5cc4010,0x00000000d5d00000)
  to   space 1024K, 0% used [0x00000000d5b00000,0x00000000d5b00000,0x00000000d5c00000)
 ParOldGen       total 275968K, used 143176K [0x0000000080000000, 0x0000000090d80000, 0x00000000d5580000)
  object space 275968K, 51% used [0x0000000080000000,0x0000000088bd2388,0x0000000090d80000)
 Metaspace       used 76098K, committed 77888K, reserved 1179648K
  class space    used 7692K, committed 8448K, reserved 1048576K
}
Event: 145.328 GC heap after
{Heap after GC invocations=501 (full 4):
 PSYoungGen      total 6656K, used 820K [0x00000000d5580000, 0x00000000d5d00000, 0x0000000100000000)
  eden space 5632K, 0% used [0x00000000d5580000,0x00000000d5580000,0x00000000d5b00000)
  from space 1024K, 80% used [0x00000000d5b00000,0x00000000d5bcd200,0x00000000d5c00000)
  to   space 1024K, 0% used [0x00000000d5c00000,0x00000000d5c00000,0x00000000d5d00000)
 ParOldGen       total 275968K, used 143736K [0x0000000080000000, 0x0000000090d80000, 0x00000000d5580000)
  object space 275968K, 52% used [0x0000000080000000,0x0000000088c5e3e8,0x0000000090d80000)
 Metaspace       used 76098K, committed 77888K, reserved 1179648K
  class space    used 7692K, committed 8448K, reserved 1048576K
}
Event: 145.339 GC heap before
{Heap before GC invocations=502 (full 4):
 PSYoungGen      total 6656K, used 6452K [0x00000000d5580000, 0x00000000d5d00000, 0x0000000100000000)
  eden space 5632K, 100% used [0x00000000d5580000,0x00000000d5b00000,0x00000000d5b00000)
  from space 1024K, 80% used [0x00000000d5b00000,0x00000000d5bcd200,0x00000000d5c00000)
  to   space 1024K, 0% used [0x00000000d5c00000,0x00000000d5c00000,0x00000000d5d00000)
 ParOldGen       total 275968K, used 143736K [0x0000000080000000, 0x0000000090d80000, 0x00000000d5580000)
  object space 275968K, 52% used [0x0000000080000000,0x0000000088c5e3e8,0x0000000090d80000)
 Metaspace       used 76154K, committed 77952K, reserved 1179648K
  class space    used 7692K, committed 8448K, reserved 1048576K
}
Event: 145.341 GC heap after
{Heap after GC invocations=502 (full 4):
 PSYoungGen      total 6656K, used 704K [0x00000000d5580000, 0x00000000d5d00000, 0x0000000100000000)
  eden space 5632K, 0% used [0x00000000d5580000,0x00000000d5580000,0x00000000d5b00000)
  from space 1024K, 68% used [0x00000000d5c00000,0x00000000d5cb0000,0x00000000d5d00000)
  to   space 1024K, 0% used [0x00000000d5b00000,0x00000000d5b00000,0x00000000d5c00000)
 ParOldGen       total 275968K, used 144405K [0x0000000080000000, 0x0000000090d80000, 0x00000000d5580000)
  object space 275968K, 52% used [0x0000000080000000,0x0000000088d05638,0x0000000090d80000)
 Metaspace       used 76154K, committed 77952K, reserved 1179648K
  class space    used 7692K, committed 8448K, reserved 1048576K
}
Event: 313.625 GC heap before
{Heap before GC invocations=503 (full 4):
 PSYoungGen      total 6656K, used 6335K [0x00000000d5580000, 0x00000000d5d00000, 0x0000000100000000)
  eden space 5632K, 99% used [0x00000000d5580000,0x00000000d5affff8,0x00000000d5b00000)
  from space 1024K, 68% used [0x00000000d5c00000,0x00000000d5cb0000,0x00000000d5d00000)
  to   space 1024K, 0% used [0x00000000d5b00000,0x00000000d5b00000,0x00000000d5c00000)
 ParOldGen       total 275968K, used 144405K [0x0000000080000000, 0x0000000090d80000, 0x00000000d5580000)
  object space 275968K, 52% used [0x0000000080000000,0x0000000088d05638,0x0000000090d80000)
 Metaspace       used 76332K, committed 78144K, reserved 1179648K
  class space    used 7715K, committed 8512K, reserved 1048576K
}
Event: 313.626 GC heap after
{Heap after GC invocations=503 (full 4):
 PSYoungGen      total 6656K, used 604K [0x00000000d5580000, 0x00000000d5d00000, 0x0000000100000000)
  eden space 5632K, 0% used [0x00000000d5580000,0x00000000d5580000,0x00000000d5b00000)
  from space 1024K, 58% used [0x00000000d5b00000,0x00000000d5b97030,0x00000000d5c00000)
  to   space 1024K, 0% used [0x00000000d5c00000,0x00000000d5c00000,0x00000000d5d00000)
 ParOldGen       total 275968K, used 144933K [0x0000000080000000, 0x0000000090d80000, 0x00000000d5580000)
  object space 275968K, 52% used [0x0000000080000000,0x0000000088d89678,0x0000000090d80000)
 Metaspace       used 76332K, committed 78144K, reserved 1179648K
  class space    used 7715K, committed 8512K, reserved 1048576K
}

